[92mModel compiled[0m
[92mModel compiled[0m
[92mModel compiled[0m

Running DeepXplore with coverage: Neuron Coverage

Iteration 1
[92minput already causes different outputs: [0.27038705], [-0.01020366], [-0.09451467][0m
[92mSNAC percentage 82670 neurons 0.000, 82670 neurons 0.000, 315542 neurons 0.000[0m
[92maveraged SNAC 0.000[0m
[92mNeuron Coverage percentage 82670 neurons 0.429, 82670 neurons 0.489, 315542 neurons 0.446[0m
[92maveraged Neuron Coverage 0.451[0m

Iteration 2
Found new output which causes difference in models' predictions.
[92mSNAC percentage 82670 neurons 0.205, 82670 neurons 0.280, 315542 neurons 0.201[0m
[92maveraged SNAC 0.215[0m
[92mNeuron Coverage percentage 82670 neurons 0.617, 82670 neurons 0.708, 315542 neurons 0.593[0m
[92maveraged Neuron Coverage 0.617[0m

Iteration 3

Iteration 4
Found new output which causes difference in models' predictions.
[92mSNAC percentage 82670 neurons 0.207, 82670 neurons 0.282, 315542 neurons 0.202[0m
[92maveraged SNAC 0.217[0m
[92mNeuron Coverage percentage 82670 neurons 0.749, 82670 neurons 0.815, 315542 neurons 0.688[0m
[92maveraged Neuron Coverage 0.720[0m

Iteration 5

Iteration 6
Found new output which causes difference in models' predictions.
[92mSNAC percentage 82670 neurons 0.216, 82670 neurons 0.297, 315542 neurons 0.209[0m
[92maveraged SNAC 0.225[0m
[92mNeuron Coverage percentage 82670 neurons 0.828, 82670 neurons 0.881, 315542 neurons 0.750[0m
[92maveraged Neuron Coverage 0.786[0m

Iteration 7
[92minput already causes different outputs: [0.20312485], [-0.01020366], [-0.00971354][0m
[92mSNAC percentage 82670 neurons 0.216, 82670 neurons 0.297, 315542 neurons 0.209[0m
[92maveraged SNAC 0.225[0m
[92mNeuron Coverage percentage 82670 neurons 0.858, 82670 neurons 0.902, 315542 neurons 0.773[0m
[92maveraged Neuron Coverage 0.810[0m

Iteration 8

Iteration 9

Iteration 10
[92minput already causes different outputs: [0.3107691], [-0.01020366], [0.13005906][0m
[92mSNAC percentage 82670 neurons 0.217, 82670 neurons 0.297, 315542 neurons 0.209[0m
[92maveraged SNAC 0.226[0m
[92mNeuron Coverage percentage 82670 neurons 0.887, 82670 neurons 0.918, 315542 neurons 0.793[0m
[92maveraged Neuron Coverage 0.831[0m

Iteration 11

Iteration 12

Iteration 13

Iteration 14
[92minput already causes different outputs: [0.23499241], [-0.01020366], [0.02211481][0m
[92mSNAC percentage 82670 neurons 0.217, 82670 neurons 0.297, 315542 neurons 0.209[0m
[92maveraged SNAC 0.226[0m
[92mNeuron Coverage percentage 82670 neurons 0.905, 82670 neurons 0.929, 315542 neurons 0.806[0m
[92maveraged Neuron Coverage 0.844[0m

Iteration 15

Iteration 16

Iteration 17

Iteration 18
[92minput already causes different outputs: [-0.01374795], [-0.01020366], [0.22474988][0m
[92mSNAC percentage 82670 neurons 0.217, 82670 neurons 0.298, 315542 neurons 0.210[0m
[92maveraged SNAC 0.226[0m
[92mNeuron Coverage percentage 82670 neurons 0.917, 82670 neurons 0.937, 315542 neurons 0.817[0m
[92maveraged Neuron Coverage 0.855[0m

Iteration 19

Iteration 20

Iteration 21
[92minput already causes different outputs: [0.20979856], [-0.01020366], [0.05497574][0m
[92mSNAC percentage 82670 neurons 0.218, 82670 neurons 0.299, 315542 neurons 0.210[0m
[92maveraged SNAC 0.227[0m
[92mNeuron Coverage percentage 82670 neurons 0.925, 82670 neurons 0.943, 315542 neurons 0.824[0m
[92maveraged Neuron Coverage 0.862[0m

Iteration 22
Found new output which causes difference in models' predictions.
[92mSNAC percentage 82670 neurons 0.218, 82670 neurons 0.299, 315542 neurons 0.211[0m
[92maveraged SNAC 0.228[0m
[92mNeuron Coverage percentage 82670 neurons 0.933, 82670 neurons 0.947, 315542 neurons 0.831[0m
[92maveraged Neuron Coverage 0.869[0m

Iteration 23
Found new output which causes difference in models' predictions.
[92mSNAC percentage 82670 neurons 0.220, 82670 neurons 0.300, 315542 neurons 0.212[0m
[92maveraged SNAC 0.228[0m
[92mNeuron Coverage percentage 82670 neurons 0.938, 82670 neurons 0.950, 315542 neurons 0.834[0m
[92maveraged Neuron Coverage 0.872[0m

Iteration 24

Iteration 25
[92minput already causes different outputs: [0.19315219], [-0.01020366], [0.23501305][0m
[92mSNAC percentage 82670 neurons 0.220, 82670 neurons 0.300, 315542 neurons 0.212[0m
[92maveraged SNAC 0.228[0m
[92mNeuron Coverage percentage 82670 neurons 0.944, 82670 neurons 0.954, 315542 neurons 0.841[0m
[92maveraged Neuron Coverage 0.878[0m

Iteration 26

Iteration 27
[92minput already causes different outputs: [0.21171643], [-0.01020366], [0.00439066][0m
[92mSNAC percentage 82670 neurons 0.220, 82670 neurons 0.300, 315542 neurons 0.212[0m
[92maveraged SNAC 0.228[0m
[92mNeuron Coverage percentage 82670 neurons 0.946, 82670 neurons 0.956, 315542 neurons 0.843[0m
[92maveraged Neuron Coverage 0.880[0m

Iteration 28

Iteration 29
Found new output which causes difference in models' predictions.
[92mSNAC percentage 82670 neurons 0.230, 82670 neurons 0.315, 315542 neurons 0.220[0m
[92maveraged SNAC 0.238[0m
[92mNeuron Coverage percentage 82670 neurons 0.954, 82670 neurons 0.961, 315542 neurons 0.854[0m
[92maveraged Neuron Coverage 0.890[0m

Iteration 30
[92minput already causes different outputs: [0.15638953], [-0.01020366], [-0.05517168][0m
[92mSNAC percentage 82670 neurons 0.230, 82670 neurons 0.315, 315542 neurons 0.221[0m
[92maveraged SNAC 0.238[0m
[92mNeuron Coverage percentage 82670 neurons 0.956, 82670 neurons 0.961, 315542 neurons 0.857[0m
[92maveraged Neuron Coverage 0.892[0m

Iteration 31
[92minput already causes different outputs: [0.28731292], [-0.01020366], [0.26813573][0m
[92mSNAC percentage 82670 neurons 0.230, 82670 neurons 0.316, 315542 neurons 0.221[0m
[92maveraged SNAC 0.239[0m
[92mNeuron Coverage percentage 82670 neurons 0.959, 82670 neurons 0.963, 315542 neurons 0.861[0m
[92maveraged Neuron Coverage 0.895[0m

Iteration 32
Found new output which causes difference in models' predictions.
[92mSNAC percentage 82670 neurons 0.231, 82670 neurons 0.316, 315542 neurons 0.222[0m
[92maveraged SNAC 0.239[0m
[92mNeuron Coverage percentage 82670 neurons 0.962, 82670 neurons 0.965, 315542 neurons 0.864[0m
[92maveraged Neuron Coverage 0.898[0m

Iteration 33
Found new output which causes difference in models' predictions.
[92mSNAC percentage 82670 neurons 0.231, 82670 neurons 0.316, 315542 neurons 0.222[0m
[92maveraged SNAC 0.240[0m
[92mNeuron Coverage percentage 82670 neurons 0.964, 82670 neurons 0.965, 315542 neurons 0.867[0m
[92maveraged Neuron Coverage 0.901[0m

Iteration 34

Iteration 35
[92minput already causes different outputs: [-0.20430534], [-0.01020366], [0.09779169][0m
[92mSNAC percentage 82670 neurons 0.231, 82670 neurons 0.317, 315542 neurons 0.222[0m
[92maveraged SNAC 0.240[0m
[92mNeuron Coverage percentage 82670 neurons 0.965, 82670 neurons 0.966, 315542 neurons 0.869[0m
[92maveraged Neuron Coverage 0.902[0m

Iteration 36
Found new output which causes difference in models' predictions.
[92mSNAC percentage 82670 neurons 0.242, 82670 neurons 0.331, 315542 neurons 0.234[0m
[92maveraged SNAC 0.252[0m
[92mNeuron Coverage percentage 82670 neurons 0.969, 82670 neurons 0.969, 315542 neurons 0.874[0m
[92maveraged Neuron Coverage 0.906[0m

Iteration 37

Iteration 38
[92minput already causes different outputs: [0.6689986], [-0.01020366], [0.43154344][0m
[92mSNAC percentage 82670 neurons 0.242, 82670 neurons 0.331, 315542 neurons 0.234[0m
[92maveraged SNAC 0.252[0m
[92mNeuron Coverage percentage 82670 neurons 0.971, 82670 neurons 0.969, 315542 neurons 0.876[0m
[92maveraged Neuron Coverage 0.909[0m

Iteration 39

Iteration 40

Iteration 41

Iteration 42
[92minput already causes different outputs: [0.28467703], [-0.01020366], [0.51053065][0m
[92mSNAC percentage 82670 neurons 0.242, 82670 neurons 0.332, 315542 neurons 0.235[0m
[92maveraged SNAC 0.253[0m
[92mNeuron Coverage percentage 82670 neurons 0.973, 82670 neurons 0.971, 315542 neurons 0.878[0m
[92maveraged Neuron Coverage 0.910[0m

Iteration 43

Iteration 44

Iteration 45

Iteration 46
[92minput already causes diffe