[92mModel compiled[0m
[92mModel compiled[0m
[92mModel compiled[0m

Running DeepXplore with coverage: Neuron Coverage

Iteration 1
[92mSNAC percentage 404 neurons 0.000, 604 neurons 0.000, 804 neurons 0.000[0m
[92maveraged SNAC 0.000[0m
[92mNeuron Coverage percentage 404 neurons 0.000, 604 neurons 0.000, 804 neurons 0.000[0m
[92maveraged Neuron Coverage 0.000[0m

Iteration 2
[92mSNAC percentage 404 neurons 0.000, 604 neurons 0.000, 804 neurons 0.000[0m
[92maveraged SNAC 0.000[0m
[92mNeuron Coverage percentage 404 neurons 0.000, 604 neurons 0.000, 804 neurons 0.000[0m
[92maveraged Neuron Coverage 0.000[0m

Iteration 3
[92mSNAC percentage 404 neurons 0.000, 604 neurons 0.000, 804 neurons 0.000[0m
[92maveraged SNAC 0.000[0m
[92mNeuron Coverage percentage 404 neurons 0.000, 604 neurons 0.000, 804 neurons 0.000[0m
[92maveraged Neuron Coverage 0.000[0m

Iteration 4
[92mSNAC percentage 404 neurons 0.000, 604 neurons 0.000, 804 neurons 0.000[0m
[92maveraged SNAC 0.000[0m
[92mNeuron Coverage percentage 404 neurons 0.000, 604 neurons 0.000, 804 neurons 0.000[0m
[92maveraged Neuron Coverage 0.000[0m

Iteration 5
[92mSNAC percentage 404 neurons 0.000, 604 neurons 0.000, 804 neurons 0.000[0m
[92maveraged SNAC 0.000[0m
[92mNeuron Coverage percentage 404 neurons 0.000, 604 neurons 0.000, 804 neurons 0.000[0m
[92maveraged Neuron Coverage 0.000[0m

Iteration 6
[92mSNAC percentage 404 neurons 0.000, 604 neurons 0.000, 804 neurons 0.000[0m
[92maveraged SNAC 0.000[0m
[92mNeuron Coverage percentage 404 neurons 0.000, 604 neurons 0.000, 804 neurons 0.000[0m
[92maveraged Neuron Coverage 0.000[0m

Iteration 7
[92mSNAC percentage 404 neurons 0.000, 604 neurons 0.000, 804 neurons 0.000[0m
[92maveraged SNAC 0.000[0m
[92mNeuron Coverage percentage 404 neurons 0.000, 604 neurons 0.000, 804 neurons 0.000[0m
[92maveraged Neuron Coverage 0.000[0m

Iteration 8
[92mSNAC percentage 404 neurons 0.000, 604 neurons 0.000, 804 neurons 0.000[0m
[92maveraged SNAC 0.000[0m
[92mNeuron Coverage percentage 404 neurons 0.000, 604 neurons 0.000, 804 neurons 0.000[0m
[92maveraged Neuron Coverage 0.000[0m

Iteration 9
[92mSNAC percentage 404 neurons 0.000, 604 neurons 0.000, 804 neurons 0.000[0m
[92maveraged SNAC 0.000[0m
[92mNeuron Coverage percentage 404 neurons 0.000, 604 neurons 0.000, 804 neurons 0.000[0m
[92maveraged Neuron Coverage 0.000[0m

Iteration 10
[92mSNAC percentage 404 neurons 0.000, 604 neurons 0.000, 804 neurons 0.000[0m
[92maveraged SNAC 0.000[0m
[92mNeuron Coverage percentage 404 neurons 0.000, 604 neurons 0.000, 804 neurons 0.000[0m
[92maveraged Neuron Coverage 0.000[0m

Iteration 11
[92mSNAC percentage 404 neurons 0.000, 604 neurons 0.000, 804 neurons 0.000[0m
[92maveraged SNAC 0.000[0m
[92mNeuron Coverage percentage 404 neurons 0.000, 604 neurons 0.000, 804 neurons 0.000[0m
[92maveraged Neuron Coverage 0.000[0m

Iteration 12
[92mSNAC percentage 404 neurons 0.000, 604 neurons 0.000, 804 neurons 0.000[0m
[92maveraged SNAC 0.000[0m
[92mNeuron Coverage percentage 404 neurons 0.000, 604 neurons 0.000, 804 neurons 0.000[0m
[92maveraged Neuron Coverage 0.000[0m

Iteration 13
[92mSNAC percentage 404 neurons 0.000, 604 neurons 0.000, 804 neurons 0.000[0m
[92maveraged SNAC 0.000[0m
[92mNeuron Coverage percentage 404 neurons 0.000, 604 neurons 0.000, 804 neurons 0.000[0m
[92maveraged Neuron Coverage 0.000[0m

Iteration 14
[92mSNAC percentage 404 neurons 0.000, 604 neurons 0.000, 804 neurons 0.000[0m
[92maveraged SNAC 0.000[0m
[92mNeuron Coverage percentage 404 neurons 0.000, 604 neurons 0.000, 804 neurons 0.000[0m
[92maveraged Neuron Coverage 0.000[0m

Iteration 15
[92mSNAC percentage 404 neurons 0.000, 604 neurons 0.000, 804 neurons 0.000[0m
[92maveraged SNAC 0.000[0m
[92mNeuron Coverage percentage 404 neurons 0.000, 604 neurons 0.000, 804 neurons 0.000[0m
[92maveraged Neuron Coverage 0.000[0m

Iteration 16
[92mSNAC percentage 404 neurons 0.000, 604 neurons 0.000, 804 neurons 0.000[0m
[92maveraged SNAC 0.000[0m
[92mNeuron Covera