[92mModel compiled[0m
[92mModel compiled[0m
[92mModel compiled[0m

Running DeepXplore with coverage: Neuron Coverage

Iteration 1
[92minput already causes different outputs: [0.27038705], [-0.01020366], [-0.09451467][0m
[92mSNAC percentage 82670 neurons 0.000, 82670 neurons 0.000, 315542 neurons 0.000[0m
[92maveraged SNAC 0.000[0m
[92mNeuron Coverage percentage 82670 neurons 0.429, 82670 neurons 0.489, 315542 neurons 0.446[0m
[92maveraged Neuron Coverage 0.451[0m

Iteration 2

Iteration 3

Iteration 4

Iteration 5

Iteration 6

Iteration 7
[92minput already causes different outputs: [0.20312485], [-0.01020366], [-0.00971354][0m
[92mSNAC percentage 82670 neurons 0.000, 82670 neurons 0.000, 315542 neurons 0.000[0m
[92maveraged SNAC 0.000[0m
[92mNeuron Coverage percentage 82670 neurons 0.577, 82670 neurons 0.646, 315542 neurons 0.567[0m
[92maveraged Neuron Coverage 0.582[0m

Iteration 8

Iteration 9

Iteration 10
[92minput already causes different outputs: [0.3107691], [-0.01020366], [0.13005906][0m
[92mSNAC percentage 82670 neurons 0.001, 82670 neurons 0.001, 315542 neurons 0.001[0m
[92maveraged SNAC 0.001[0m
[92mNeuron Coverage percentage 82670 neurons 0.725, 82670 neurons 0.800, 315542 neurons 0.683[0m
[92maveraged Neuron Coverage 0.710[0m

Iteration 11

Iteration 12

Iteration 13

Iteration 14
[92minput already causes different outputs: [0.23499241], [-0.01020366], [0.02211481][0m
[92mSNAC percentage 82670 neurons 0.001, 82670 neurons 0.001, 315542 neurons 0.001[0m
[92maveraged SNAC 0.001[0m
[92mNeuron Coverage percentage 82670 neurons 0.790, 82670 neurons 0.857, 315542 neurons 0.729[0m
[92maveraged Neuron Coverage 0.761[0m

Iteration 15

Iteration 16

Iteration 17

Iteration 18
[92minput already causes different outputs: [-0.01374795], [-0.01020366], [0.22474988][0m
[92mSNAC percentage 82670 neurons 0.001, 82670 neurons 0.002, 315542 neurons 0.001[0m
[92maveraged SNAC 0.001[0m
[92mNeuron Coverage percentage 82670 neurons 0.830, 82670 neurons 0.890, 315542 neurons 0.756[0m
[92maveraged Neuron Coverage 0.792[0m

Iteration 19

Iteration 20

Iteration 21
[92minput already causes different outputs: [0.20979856], [-0.01020366], [0.05497574][0m
[92mSNAC percentage 82670 neurons 0.002, 82670 neurons 0.002, 315542 neurons 0.002[0m
[92maveraged SNAC 0.002[0m
[92mNeuron Coverage percentage 82670 neurons 0.852, 82670 neurons 0.906, 315542 neurons 0.772[0m
[92maveraged Neuron Coverage 0.809[0m

Iteration 22
Found new output which causes difference in models' predictions.
[92mSNAC percentage 82670 neurons 0.002, 82670 neurons 0.003, 315542 neurons 0.002[0m
[92maveraged SNAC 0.002[0m
[92mNeuron Coverage percentage 82670 neurons 0.870, 82670 neurons 0.914, 315542 neurons 0.783[0m
[92maveraged Neuron Coverage 0.821[0m

Iteration 23

Iteration 24

Iteration 25
[92minput already causes different outputs: [0.19315219], [-0.01020366], [0.23501305][0m
[92mSNAC percentage 82670 neurons 0.002, 82670 neurons 0.003, 315542 neurons 0.003[0m
[92maveraged SNAC 0.003[0m
[92mNeuron Coverage percentage 82670 neurons 0.885, 82670 neurons 0.925, 315542 neurons 0.797[0m
[92maveraged Neuron Coverage 0.834[0m

Iteration 26

Iteration 27
[92minput already causes different outputs: [0.21171643], [-0.01020366], [0.00439066][0m
[92mSNAC percentage 82670 neurons 0.002, 82670 neurons 0.003, 315542 neurons 0.003[0m
[92maveraged SNAC 0.003[0m
[92mNeuron Coverage percentage 82670 neurons 0.890, 82670 neurons 0.929, 315542 neurons 0.802[0m
[92maveraged Neuron Coverage 0.839[0m

Iteration 28

Iteration 29

Iteration 30
[92minput already causes different outputs: [0.15638953], [-0.01020366], [-0.05517168][0m
[92mSNAC percentage 82670 neurons 0.002, 82670 neurons 0.003, 315542 neurons 0.003[0m
[92maveraged SNAC 0.003[0m
[92mNeuron Coverage percentage 82670 neurons 0.896, 82670 neurons 0.932, 315542 neurons 0.808[0m
[92maveraged Neuron Coverage 0.844[0m

Iteration 31
[92minput already causes different outputs: [0.28731292], [-0.01020366], [0.26813573][0m
[92mSNAC 