[92mModel compiled[0m
[92mModel compiled[0m
[92mModel compiled[0m

Running DeepXplore with coverage: Neuron Coverage

Iteration 1
Found new output which causes difference in models' predictions.
[92mSNAC percentage 82670 neurons 0.001, 82670 neurons 0.001, 315542 neurons 0.002[0m
[92maveraged SNAC 0.002[0m
[92mNeuron Coverage percentage 82670 neurons 0.397, 82670 neurons 0.523, 315542 neurons 0.430[0m
[92maveraged Neuron Coverage 0.440[0m

Iteration 2
Found new output which causes difference in models' predictions.
[92mSNAC percentage 82670 neurons 0.001, 82670 neurons 0.001, 315542 neurons 0.003[0m
[92maveraged SNAC 0.002[0m
[92mNeuron Coverage percentage 82670 neurons 0.613, 82670 neurons 0.729, 315542 neurons 0.601[0m
[92maveraged Neuron Coverage 0.625[0m

Iteration 3
Found new output which causes difference in models' predictions.
[92mSNAC percentage 82670 neurons 0.001, 82670 neurons 0.001, 315542 neurons 0.003[0m
[92maveraged SNAC 0.002[0m
[92mNeuron Coverage percentage 82670 neurons 0.663, 82670 neurons 0.768, 315542 neurons 0.637[0m
[92maveraged Neuron Coverage 0.664[0m

Iteration 4
Found new output which causes difference in models' predictions.
[92mSNAC percentage 82670 neurons 0.002, 82670 neurons 0.003, 315542 neurons 0.004[0m
[92maveraged SNAC 0.003[0m
[92mNeuron Coverage percentage 82670 neurons 0.732, 82670 neurons 0.820, 315542 neurons 0.686[0m
[92maveraged Neuron Coverage 0.717[0m

Iteration 5
Found new output which causes difference in models' predictions.
[92mSNAC percentage 82670 neurons 0.002, 82670 neurons 0.003, 315542 neurons 0.004[0m
[92maveraged SNAC 0.004[0m
[92mNeuron Coverage percentage 82670 neurons 0.769, 82670 neurons 0.845, 315542 neurons 0.710[0m
[92maveraged Neuron Coverage 0.743[0m

Iteration 6
Found new output which causes difference in models' predictions.
[92mSNAC percentage 82670 neurons 0.002, 82670 neurons 0.003, 315542 neurons 0.004[0m
[92maveraged SNAC 0.004[0m
[92mNeuron Coverage percentage 82670 neurons 0.778, 82670 neurons 0.851, 315542 neurons 0.716[0m
[92maveraged Neuron Coverage 0.750[0m

Iteration 7
Found new output which causes difference in models' predictions.
[92mSNAC percentage 82670 neurons 0.003, 82670 neurons 0.004, 315542 neurons 0.005[0m
[92maveraged SNAC 0.004[0m
[92mNeuron Coverage percentage 82670 neurons 0.797, 82670 neurons 0.864, 315542 neurons 0.727[0m
[92maveraged Neuron Coverage 0.763[0m

Iteration 8
Found new output which causes difference in models' predictions.
[92mSNAC percentage 82670 neurons 0.003, 82670 neurons 0.005, 315542 neurons 0.006[0m
[92maveraged SNAC 0.005[0m
[92mNeuron Coverage percentage 82670 neurons 0.818, 82670 neurons 0.878, 315542 neurons 0.737[0m
[92maveraged Neuron Coverage 0.775[0m

Iteration 9
Found new output which causes difference in models' predictions.
[92mSNAC percentage 82670 neurons 0.004, 82670 neurons 0.005, 315542 neurons 0.006[0m
[92maveraged SNAC 0.005[0m
[92mNeuron Coverage percentage 82670 neurons 0.827, 82670 neurons 0.885, 315542 neurons 0.744[0m
[92maveraged Neuron Coverage 0.782[0m

Iteration 10
Found new output which causes difference in models' predictions.
[92mSNAC percentage 82670 neurons 0.004, 82670 neurons 0.005, 315542 neurons 0.006[0m
[92maveraged SNAC 0.006[0m
[92mNeuron Coverage percentage 82670 neurons 0.855, 82670 neurons 0.902, 315542 neurons 0.766[0m
[92maveraged Neuron Coverage 0.805[0m

Iteration 11
[92minput already causes different outputs: [-0.19378307], [-0.01020366], [0.03727489][0m
[92mSNAC percentage 82670 neurons 0.004, 82670 neurons 0.005, 315542 neurons 0.006[0m
[92maveraged SNAC 0.006[0m
[92mNeuron Coverage percentage 82670 neurons 0.869, 82670 neurons 0.909, 315542 neurons 0.774[0m
[92maveraged Neuron Coverage 0.814[0m

Iteration 12
[92minput already causes different outputs: [-0.21375649], [-0.01020366], [0.06100961][0m
[92mSNAC percentage 82670 neurons 0.004, 82670 neurons 0.005, 315542 neurons 0.006[0m
[92maveraged SNAC 0.006[0m
[92mNeuron Coverage percentage 82670 neurons 0.875, 82670 neurons 0.913, 315542 neurons 0.779[0m
[92maveraged Neuron Coverage 0.819[0m

Iteration 13
Found new output which causes difference in models' predictions.
[92mSNAC percentage 82670 neurons 0.004, 82670 neurons 0.005, 315542 neurons 0.006[0m
[92maveraged SNAC 0.006[0m
[92mNeuron Coverage percentage 82670 neurons 0.882, 82670 neurons 0.917, 315542 neurons 0.784[0m
[92maveraged Neuron Coverage 0.824[0m

Iteration 14
Found new output which causes difference in models' predictions.
[92mSNAC percentage 82670 neurons 0.004, 82670 neurons 0.005, 315542 neurons 0.007[0m
[92maveraged SNAC 0.006[0m
[92mNeuron Coverage percentage 82670 neurons 0.887, 82670 neurons 0.920, 315542 neurons 0.787[0m
[92maveraged Neuron Coverage 0.827[0m

Iteration 15
Found new output which causes difference in models' predictions.
[92mSNAC percentage 82670 neurons 0.005, 82670 neurons 0.006, 315542 neurons 0.007[0m
[92maveraged SNAC 0.006[0m
[92mNeuron Coverage percentage 82670 neurons 0.891, 82670 neurons 0.921, 315542 neurons 0.790[0m
[92maveraged Neuron Coverage 0.830[0m

Iteration 16
Found new output which causes difference in models' predictions.
[92mSNAC percentage 82670 neurons 0.006, 82670 neurons 0.006, 315542 neurons 0.008[0m
[92maveraged SNAC 0.007[0m
[92mNeuron Coverage percentage 82670 neurons 0.930, 82670 neurons 0.953, 315542 neurons 0.835[0m
[92maveraged Neuron Coverage 0.871[0m

Iteration 17
Found new output which causes difference in models' predictions.
[92mSNAC percentage 82670 neurons 0.006, 82670 neurons 0.006, 315542 neurons 0.008[0m
[92maveraged SNAC 0.007[0m
[92mNeuron Coverage percentage 82670 neurons 0.938, 82670 neurons 0.957, 315542 neurons 0.841[0m
[92maveraged Neuron Coverage 0.878[0m

Iteration 18
Found new output which causes difference in models' predictions.
[92mSNAC percentage 82670 neurons 0.006, 82670 neurons 0.007, 315542 neurons 0.008[0m
[92maveraged SNAC 0.007[0m
[92mNeuron Coverage percentage 82670 neurons 0.941, 82670 neurons 0.958, 315542 neurons 0.843[0m
[92maveraged Neuron Coverage 0.880[0m

Iteration 19
Found new output which causes difference in models' predictions.
[92mSNAC percentage 82670 neurons 0.006, 82670 neurons 0.007, 315542 neurons 0.008[0m
[92maveraged SNAC 0.008[0m
[92mNeuron Coverage percentage 82670 neurons 0.946, 82670 neurons 0.960, 315542 neurons 0.852[0m
[92maveraged Neuron Coverage 0.886[0m

Iteration 20
Found new output which causes difference in models' predictions.
[92mSNAC percentage 82670 neurons 0.008, 82670 neurons 0.008, 315542 neurons 0.010[0m
[92maveraged SNAC 0.009[0m
[92mNeuron Coverage percentage 82670 neurons 0.950, 82670 neurons 0.962, 315542 neurons 0.855[0m
[92maveraged Neuron Coverage 0.890[0m

Iteration 21
Found new output which causes difference in models' predictions.
[92mSNAC percentage 82670 neurons 0.008, 82670 neurons 0.008, 315542 neurons 0.010[0m
[92maveraged SNAC 0.009[0m
[92mNeuron Coverage percentage 82670 neurons 0.953, 82670 neurons 0.964, 315542 neurons 0.858[0m
[92maveraged Neuron Coverage 0.893[0m

Iteration 22
[92minput already causes different outputs: [-0.33266264], [-0.01020366], [0.05185805][0m
[92mSNAC percentage 82670 neurons 0.008, 82670 neurons 0.008, 315542 neurons 0.010[0m
[92maveraged SNAC 0.009[0m
[92mNeuron Coverage percentage 82670 neurons 0.956, 82670 neurons 0.966, 315542 neurons 0.860[0m
[92maveraged Neuron Coverage 0.895[0m

Iteration 23
Found new output which causes difference in models' predictions.
[92mSNAC percentage 82670 neurons 0.008, 82670 neurons 0.008, 315542 neurons 0.010[0m
[92maveraged SNAC 0.009[0m
[92mNeuron Coverage percentage 82670 neurons 0.957, 82670 neurons 0.967, 315542 neurons 0.861[0m
[92maveraged Neuron Coverage 0.896[0m

Iteration 24
Found new output which causes difference in models' predictions.
[92mSNAC percentage 82670 neurons 0.010, 82670 neurons 0.008, 315542 neurons 0.010[0m
[92maveraged SNAC 0.010[0m
[92mNeuron Coverage percentage 82670 neurons 0.959, 82670 neurons 0.969, 315542 neurons 0.863[0m
[92maveraged Neuron Coverage 0.898[0m

Iteration 25
Found new output which causes difference in models' predictions.
[92mSNAC percentage 82670 neurons 0.010, 82670 neurons 0.008, 315542 neurons 0.010[0m
[92maveraged SNAC 0.010[0m
[92mNeuron Coverage percentage 82670 neurons 0.961, 82670 neurons 0.969, 315542 neurons 0.866[0m
[92maveraged Neuron Coverage 0.900[0m

Iteration 26
Found new output which causes difference in models' predictions.
[92mSNAC percentage 82670 neurons 0.010, 82670 neurons 0.008, 315542 neurons 0.010[0m
[92maveraged SNAC 0.010[0m
[92mNeuron Coverage percentage 82670 neurons 0.962, 82670 neurons 0.970, 315542 neurons 0.867[0m
[92maveraged Neuron Coverage 0.901[0m

Iteration 27
Found new output which causes difference in models' predictions.
[92mSNAC percentage 82670 neurons 0.010, 82670 neurons 0.008, 315542 neurons 0.011[0m
[92maveraged SNAC 0.010[0m
[92mNeuron Coverage percentage 82670 neurons 0.963, 82670 neurons 0.972, 315542 neurons 0.869[0m
[92maveraged Neuron Coverage 0.903[0m

Iteration 28
Found new output which causes difference in models' predictions.
[92mSNAC percentage 82670 neurons 0.010, 82670 neurons 0.009, 315542 neurons 0.011[0m
[92maveraged SNAC 0.010[0m
[92mNeuron Coverage percentage 82670 neurons 0.964, 82670 neurons 0.972, 315542 neurons 0.870[0m
[92maveraged Neuron Coverage 0.903[0m

Iteration 29
[92minput already causes different outputs: [0.11683667], [-0.01020366], [-0.12375567][0m
[92mSNAC percentage 82670 neurons 0.011, 82670 neurons 0.009, 315542 neurons 0.011[0m
[92maveraged SNAC 0.010[0m
[92mNeuron Coverage percentage 82670 neurons 0.965, 82670 neurons 0.973, 315542 neurons 0.871[0m
[92maveraged Neuron Coverage 0.905[0m

Iteration 30
[92minput already causes different outputs: [0.25621626], [-0.01020366], [0.00214232][0m
[92mSNAC percentage 82670 neurons 0.011, 82670 neurons 0.009, 315542 neurons 0.011[0m
[92maveraged SNAC 0.011[0m
[92mNeuron Coverage percentage 82670 neurons 0.967, 82670 neurons 0.974, 315542 neurons 0.872[0m
[92maveraged Neuron Coverage 0.906[0m

Iteration 31
Found new output which causes difference in models' predictions.
[92mSNAC percentage 82670 neurons 0.011, 82670 neurons 0.010, 315542 neurons 0.012[0m
[92maveraged SNAC 0.011[0m
[92mNeuron Coverage percentage 82670 neurons 0.968, 82670 neurons 0.975, 315542 neurons 0.873[0m
[92maveraged Neuron Coverage 0.907[0m

Iteration 32
Found new output which causes difference in models' predictions.
[92mSNAC percentage 82670 neurons 0.012, 82670 neurons 0.010, 315542 neurons 0.012[0m
[92maveraged SNAC 0.012[0m
[92mNeuron Coverage percentage 82670 neurons 0.968, 82670 neurons 0.975, 315542 neurons 0.874[0m
[92maveraged Neuron Coverage 0.908[0m

Iteration 33
Found new output which causes difference in models' predictions.
[92mSNAC percentage 82670 neurons 0.012, 82670 neurons 0.010, 315542 neurons 0.012[0m
[92maveraged SNAC 0.012[0m
[92mNeuron Coverage percentage 82670 neurons 0.969, 82670 neurons 0.975, 315542 neurons 0.875[0m
[92maveraged Neuron Coverage 0.908[0m

Iteration 34
Found new output which causes difference in models' predictions.
[92mSNAC percentage 82670 neurons 0.012, 82670 neurons 0.011, 315542 neurons 0.012[0m
[92maveraged SNAC 0.012[0m
[92mNeuron Coverage percentage 82670 neurons 0.970, 82670 neurons 0.976, 315542 neurons 0.876[0m
[92maveraged Neuron Coverage 0.909[0m

Iteration 35
Found new output which causes difference in models' predictions.
[92mSNAC percentage 82670 neurons 0.012, 82670 neurons 0.011, 315542 neurons 0.012[0m
[92maveraged SNAC 0.012[0m
[92mNeuron Coverage percentage 82670 neurons 0.970, 82670 neurons 0.976, 315542 neurons 0.877[0m
[92maveraged Neuron Coverage 0.910[0m

Iteration 36
Found new output which causes difference in models' predictions.
[92mSNAC percentage 82670 neurons 0.012, 82670 neurons 0.011, 315542 neurons 0.013[0m
[92maveraged SNAC 0.012[0m
[92mNeuron Coverage percentage 82670 neurons 0.971, 82670 neurons 0.977, 315542 neurons 0.877[0m
[92maveraged Neuron Coverage 0.910[0m

Iteration 37
Found new output which causes difference in models' predictions.
[92mSNAC percentage 82670 neurons 0.012, 82670 neurons 0.011, 315542 neurons 0.013[0m
[92maveraged SNAC 0.012[0m
[92mNeuron Coverage percentage 82670 neurons 0.972, 82670 neurons 0.977, 315542 neurons 0.879[0m
[92maveraged Neuron Coverage 0.912[0m

Iteration 38
Found new output which causes difference in models' predictions.
[92mSNAC percentage 82670 neurons 0.012, 82670 neurons 0.011, 315542 neurons 0.013[0m
[92maveraged SNAC 0.013[0m
[92mNeuron Coverage percentage 82670 neurons 0.973, 82670 neurons 0.978, 315542 neurons 0.880[0m
[92maveraged Neuron Coverage 0.913[0m

Iteration 39
Found new output which causes difference in models' predictions.
[92mSNAC percentage 82670 neurons 0.013, 82670 neurons 0.011, 315542 neurons 0.014[0m
[92maveraged SNAC 0.013[0m
[92mNeuron Coverage percentage 82670 neurons 0.974, 82670 neurons 0.978, 315542 neurons 0.881[0m
[92maveraged Neuron Coverage 0.913[0m

Iteration 40
Found new output which causes difference in models' predictions.
[92mSNAC percentage 82670 neurons 0.013, 82670 neurons 0.011, 315542 neurons 0.014[0m
[92maveraged SNAC 0.013[0m
[92mNeuron Coverage percentage 82670 neurons 0.975, 82670 neurons 0.979, 315542 neurons 0.881[0m
[92maveraged Neuron Coverage 0.914[0m

Iteration 41
[92minput already causes different outputs: [0.02788288], [-0.01020366], [0.24937151][0m
[92mSNAC percentage 82670 neurons 0.013, 82670 neurons 0.011, 315542 neurons 0.014[0m
[92maveraged SNAC 0.013[0m
[92mNeuron Coverage percentage 82670 neurons 0.975, 82670 neurons 0.980, 315542 neurons 0.882[0m
[92maveraged Neuron Coverage 0.915[0m

Iteration 42
Found new output which causes difference in models' predictions.
[92mSNAC percentage 82670 neurons 0.013, 82670 neurons 0.012, 315542 neurons 0.014[0m
[92maveraged SNAC 0.014[0m
[92mNeuron Coverage percentage 82670 neurons 0.975, 82670 neurons 0.980, 315542 neurons 0.883[0m
[92maveraged Neuron Coverage 0.915[0m

Iteration 43
[92minput already causes different outputs: [0.35527346], [-0.01020366], [-0.0109017][0m
[92mSNAC percentage 82670 neurons 0.013, 82670 neurons 0.012, 315542 neurons 0.014[0m
[92maveraged SNAC 0.014[0m
[92mNeuron Coverage percentage 82670 neurons 0.976, 82670 neurons 0.980, 315542 neurons 0.883[0m
[92maveraged Neuron Coverage 0.916[0m

Iteration 44
Found new output which causes difference in models' predictions.
[92mSNAC percentage 82670 neurons 0.013, 82670 neurons 0.012, 315542 neurons 0.014[0m
[92maveraged SNAC 0.014[0m
[92mNeuron Coverage percentage 82670 neurons 0.977, 82670 neurons 0.981, 315542 neurons 0.884[0m
[92maveraged Neuron Coverage 0.916[0m

Iteration 45
Found new output which causes difference in models' predictions.
[92mSNAC percentage 82670 neurons 0.014, 82670 neurons 0.012, 315542 neurons 0.014[0m
[92maveraged SNAC 0.014[0m
[92mNeuron Coverage percentage 82670 neurons 0.977, 82670 neurons 0.981, 315542 neurons 0.884[0m
[92maveraged Neuron Coverage 0.917[0m

Iteration 46
Found new output which causes difference in models' predictions.
[92mSNAC percentage 82670 neurons 0.015, 82670 neurons 0.012, 315542 neurons 0.016[0m
[92maveraged SNAC 0.015[0m
[92mNeuron Coverage percentage 82670 neurons 0.979, 82670 neurons 0.982, 315542 neurons 0.885[0m
[92maveraged Neuron Coverage 0.918[0m

Iteration 47
Found new output which causes difference in models' predictions.
[92mSNAC percentage 82670 neurons 0.015, 82670 neurons 0.012, 315542 neurons 0.016[0m
[92maveraged SNAC 0.015[0m
[92mNeuron Coverage percentage 82670 neurons 0.979, 82670 neurons 0.982, 315542 neurons 0.886[0m
[92maveraged Neuron Coverage 0.918[0m

Iteration 48
Found new output which causes difference in models' predictions.
[92mSNAC percentage 82670 neurons 0.016, 82670 neurons 0.013, 315542 neurons 0.017[0m
[92maveraged SNAC 0.016[0m
[92mNeuron Coverage percentage 82670 neurons 0.980, 82670 neurons 0.982, 315542 neurons 0.886[0m
[92maveraged Neuron Coverage 0.919[0m

Iteration 49
Found new output which causes difference in models' predictions.
[92mSNAC percentage 82670 neurons 0.016, 82670 neurons 0.013, 315542 neurons 0.017[0m
[92maveraged SNAC 0.016[0m
[92mNeuron Coverage percentage 82670 neurons 0.981, 82670 neurons 0.983, 315542 neurons 0.887[0m
[92maveraged Neuron Coverage 0.919[0m

Iteration 50
Found new output which causes difference in models' predictions.
[92mSNAC percentage 82670 neurons 0.016, 82670 neurons 0.013, 315542 neurons 0.017[0m
[92maveraged SNAC 0.016[0m
[92mNeuron Coverage percentage 82670 neurons 0.981, 82670 neurons 0.983, 315542 neurons 0.887[0m
[92maveraged Neuron Coverage 0.920[0m

Iteration 51
Found new output which causes difference in models' predictions.
[92mSNAC percentage 82670 neurons 0.016, 82670 neurons 0.013, 315542 neurons 0.017[0m
[92maveraged SNAC 0.016[0m
[92mNeuron Coverage percentage 82670 neurons 0.981, 82670 neurons 0.983, 315542 neurons 0.888[0m
[92maveraged Neuron Coverage 0.920[0m

Iteration 52
[92minput already causes different outputs: [0.46020314], [-0.01020366], [0.04632448][0m
[92mSNAC percentage 82670 neurons 0.016, 82670 neurons 0.013, 315542 neurons 0.017[0m
[92maveraged SNAC 0.016[0m
[92mNeuron Coverage percentage 82670 neurons 0.982, 82670 neurons 0.984, 315542 neurons 0.888[0m
[92maveraged Neuron Coverage 0.921[0m

Iteration 53
Found new output which causes difference in models' predictions.
[92mSNAC percentage 82670 neurons 0.016, 82670 neurons 0.013, 315542 neurons 0.017[0m
[92maveraged SNAC 0.016[0m
[92mNeuron Coverage percentage 82670 neurons 0.982, 82670 neurons 0.984, 315542 neurons 0.889[0m
[92maveraged Neuron Coverage 0.921[0m

Iteration 54
Found new output which causes difference in models' predictions.
[92mSNAC percentage 82670 neurons 0.016, 82670 neurons 0.013, 315542 neurons 0.017[0m
[92maveraged SNAC 0.016[0m
[92mNeuron Coverage percentage 82670 neurons 0.982, 82670 neurons 0.984, 315542 neurons 0.889[0m
[92maveraged Neuron Coverage 0.921[0m

Iteration 55
Found new output which causes difference in models' predictions.
[92mSNAC percentage 82670 neurons 0.020, 82670 neurons 0.014, 315542 neurons 0.018[0m
[92maveraged SNAC 0.018[0m
[92mNeuron Coverage percentage 82670 neurons 0.982, 82670 neurons 0.985, 315542 neurons 0.889[0m
[92maveraged Neuron Coverage 0.922[0m

Iteration 56
Found new output which causes difference in models' predictions.
[92mSNAC percentage 82670 neurons 0.021, 82670 neurons 0.014, 315542 neurons 0.018[0m
[92maveraged SNAC 0.018[0m
[92mNeuron Coverage percentage 82670 neurons 0.983, 82670 neurons 0.985, 315542 neurons 0.890[0m
[92maveraged Neuron Coverage 0.922[0m

Iteration 57
Found new output which causes difference in models' predictions.
[92mSNAC percentage 82670 neurons 0.021, 82670 neurons 0.014, 315542 neurons 0.018[0m
[92maveraged SNAC 0.018[0m
[92mNeuron Coverage percentage 82670 neurons 0.983, 82670 neurons 0.985, 315542 neurons 0.890[0m
[92maveraged Neuron Coverage 0.922[0m

Iteration 58
Found new output which causes difference in models' predictions.
[92mSNAC percentage 82670 neurons 0.021, 82670 neurons 0.014, 315542 neurons 0.019[0m
[92maveraged SNAC 0.018[0m
[92mNeuron Coverage percentage 82670 neurons 0.983, 82670 neurons 0.985, 315542 neurons 0.890[0m
[92maveraged Neuron Coverage 0.922[0m

Iteration 59
Found new output which causes difference in models' predictions.
[92mSNAC percentage 82670 neurons 0.021, 82670 neurons 0.014, 315542 neurons 0.019[0m
[92maveraged SNAC 0.019[0m
[92mNeuron Coverage percentage 82670 neurons 0.983, 82670 neurons 0.985, 315542 neurons 0.890[0m
[92maveraged Neuron Coverage 0.923[0m

Iteration 60
Found new output which causes difference in models' predictions.
[92mSNAC percentage 82670 neurons 0.021, 82670 neurons 0.014, 315542 neurons 0.019[0m
[92maveraged SNAC 0.019[0m
[92mNeuron Coverage percentage 82670 neurons 0.984, 82670 neurons 0.985, 315542 neurons 0.891[0m
[92maveraged Neuron Coverage 0.923[0m

Iteration 61
Found new output which causes difference in models' predictions.
[92mSNAC percentage 82670 neurons 0.022, 82670 neurons 0.014, 315542 neurons 0.019[0m
[92maveraged SNAC 0.019[0m
[92mNeuron Coverage percentage 82670 neurons 0.984, 82670 neurons 0.986, 315542 neurons 0.891[0m
[92maveraged Neuron Coverage 0.923[0m

Iteration 62
[92minput already causes different outputs: [0.34173384], [-0.01020366], [-0.15170293][0m
[92mSNAC percentage 82670 neurons 0.022, 82670 neurons 0.014, 315542 neurons 0.019[0m
[92maveraged SNAC 0.019[0m
[92mNeuron Coverage percentage 82670 neurons 0.984, 82670 neurons 0.986, 315542 neurons 0.891[0m
[92maveraged Neuron Coverage 0.924[0m

Iteration 63
Found new output which causes difference in models' predictions.
[92mSNAC percentage 82670 neurons 0.022, 82670 neurons 0.015, 315542 neurons 0.020[0m
[92maveraged SNAC 0.019[0m
[92mNeuron Coverage percentage 82670 neurons 0.985, 82670 neurons 0.986, 315542 neurons 0.892[0m
[92maveraged Neuron Coverage 0.924[0m

Iteration 64
Found new output which causes difference in models' predictions.
[92mSNAC percentage 82670 neurons 0.026, 82670 neurons 0.015, 315542 neurons 0.021[0m
[92maveraged SNAC 0.021[0m
[92mNeuron Coverage percentage 82670 neurons 0.985, 82670 neurons 0.986, 315542 neurons 0.892[0m
[92maveraged Neuron Coverage 0.924[0m

Iteration 65
[92minput already causes different outputs: [0.1673201], [-0.01020366], [-0.08211436][0m
[92mSNAC percentage 82670 neurons 0.026, 82670 neurons 0.015, 315542 neurons 0.021[0m
[92maveraged SNAC 0.021[0m
[92mNeuron Coverage percentage 82670 neurons 0.985, 82670 neurons 0.986, 315542 neurons 0.892[0m
[92maveraged Neuron Coverage 0.925[0m

Iteration 66
Found new output which causes difference in models' predictions.
[92mSNAC percentage 82670 neurons 0.026, 82670 neurons 0.015, 315542 neurons 0.021[0m
[92maveraged SNAC 0.021[0m
[92mNeuron Coverage percentage 82670 neurons 0.985, 82670 neurons 0.986, 315542 neurons 0.893[0m
[92maveraged Neuron Coverage 0.925[0m

Iteration 67
Found new output which causes difference in models' predictions.
[92mSNAC percentage 82670 neurons 0.026, 82670 neurons 0.015, 315542 neurons 0.022[0m
[92maveraged SNAC 0.021[0m
[92mNeuron Coverage percentage 82670 neurons 0.986, 82670 neurons 0.986, 315542 neurons 0.893[0m
[92maveraged Neuron Coverage 0.925[0m

Iteration 68
[92minput already causes different outputs: [0.43019164], [-0.01020366], [0.04559968][0m
[92mSNAC percentage 82670 neurons 0.026, 82670 neurons 0.015, 315542 neurons 0.022[0m
[92maveraged SNAC 0.021[0m
[92mNeuron Coverage percentage 82670 neurons 0.986, 82670 neurons 0.987, 315542 neurons 0.893[0m
[92maveraged Neuron Coverage 0.925[0m

Iteration 69
[92minput already causes different outputs: [0.21115322], [-0.01020366], [-0.0684736][0m
[92mSNAC percentage 82670 neurons 0.026, 82670 neurons 0.015, 315542 neurons 0.022[0m
[92maveraged SNAC 0.021[0m
[92mNeuron Coverage percentage 82670 neurons 0.986, 82670 neurons 0.987, 315542 neurons 0.893[0m
[92maveraged Neuron Coverage 0.925[0m

Iteration 70
Found new output which causes difference in models' predictions.
[92mSNAC percentage 82670 neurons 0.026, 82670 neurons 0.015, 315542 neurons 0.022[0m
[92maveraged SNAC 0.021[0m
[92mNeuron Coverage percentage 82670 neurons 0.986, 82670 neurons 0.987, 315542 neurons 0.894[0m
[92maveraged Neuron Coverage 0.926[0m

Iteration 71
[92minput already causes different outputs: [-0.14476874], [-0.01020366], [0.06375936][0m
[92mSNAC percentage 82670 neurons 0.026, 82670 neurons 0.015, 315542 neurons 0.022[0m
[92maveraged SNAC 0.021[0m
[92mNeuron Coverage percentage 82670 neurons 0.986, 82670 neurons 0.987, 315542 neurons 0.894[0m
[92maveraged Neuron Coverage 0.926[0m

Iteration 72
Found new output which causes difference in models' predictions.
[92mSNAC percentage 82670 neurons 0.026, 82670 neurons 0.015, 315542 neurons 0.022[0m
[92maveraged SNAC 0.021[0m
[92mNeuron Coverage percentage 82670 neurons 0.987, 82670 neurons 0.987, 315542 neurons 0.894[0m
[92maveraged Neuron Coverage 0.926[0m

Iteration 73
Found new output which causes difference in models' predictions.
[92mSNAC percentage 82670 neurons 0.026, 82670 neurons 0.015, 315542 neurons 0.022[0m
[92maveraged SNAC 0.022[0m
[92mNeuron Coverage percentage 82670 neurons 0.987, 82670 neurons 0.987, 315542 neurons 0.895[0m
[92maveraged Neuron Coverage 0.926[0m

Iteration 74
Found new output which causes difference in models' predictions.
[92mSNAC percentage 82670 neurons 0.026, 82670 neurons 0.015, 315542 neurons 0.022[0m
[92maveraged SNAC 0.022[0m
[92mNeuron Coverage percentage 82670 neurons 0.987, 82670 neurons 0.987, 315542 neurons 0.895[0m
[92maveraged Neuron Coverage 0.927[0m

Iteration 75
Found new output which causes difference in models' predictions.
[92mSNAC percentage 82670 neurons 0.026, 82670 neurons 0.015, 315542 neurons 0.022[0m
[92maveraged SNAC 0.022[0m
[92mNeuron Coverage percentage 82670 neurons 0.987, 82670 neurons 0.987, 315542 neurons 0.895[0m
[92maveraged Neuron Coverage 0.927[0m

Iteration 76
Found new output which causes difference in models' predictions.
[92mSNAC percentage 82670 neurons 0.027, 82670 neurons 0.015, 315542 neurons 0.022[0m
[92maveraged SNAC 0.022[0m
[92mNeuron Coverage percentage 82670 neurons 0.987, 82670 neurons 0.988, 315542 neurons 0.895[0m
[92maveraged Neuron Coverage 0.927[0m

Iteration 77
[92minput already causes different outputs: [0.02201185], [-0.01020366], [0.23807754][0m
[92mSNAC percentage 82670 neurons 0.027, 82670 neurons 0.016, 315542 neurons 0.022[0m
[92maveraged SNAC 0.022[0m
[92mNeuron Coverage percentage 82670 neurons 0.987, 82670 neurons 0.988, 315542 neurons 0.895[0m
[92maveraged Neuron Coverage 0.927[0m

Iteration 78
Found new output which causes difference in models' predictions.
[92mSNAC percentage 82670 neurons 0.027, 82670 neurons 0.016, 315542 neurons 0.022[0m
[92maveraged SNAC 0.022[0m
[92mNeuron Coverage percentage 82670 neurons 0.987, 82670 neurons 0.988, 315542 neurons 0.896[0m
[92maveraged Neuron Coverage 0.927[0m

Iteration 79
Found new output which causes difference in models' predictions.
[92mSNAC percentage 82670 neurons 0.027, 82670 neurons 0.016, 315542 neurons 0.023[0m
[92maveraged SNAC 0.022[0m
[92mNeuron Coverage percentage 82670 neurons 0.988, 82670 neurons 0.988, 315542 neurons 0.896[0m
[92maveraged Neuron Coverage 0.928[0m

Iteration 80
Found new output which causes difference in models' predictions.
[92mSNAC percentage 82670 neurons 0.028, 82670 neurons 0.016, 315542 neurons 0.023[0m
[92maveraged SNAC 0.023[0m
[92mNeuron Coverage percentage 82670 neurons 0.988, 82670 neurons 0.988, 315542 neurons 0.896[0m
[92maveraged Neuron Coverage 0.928[0m

Iteration 81
Found new output which causes difference in models' predictions.
[92mSNAC percentage 82670 neurons 0.028, 82670 neurons 0.016, 315542 neurons 0.023[0m
[92maveraged SNAC 0.023[0m
[92mNeuron Coverage percentage 82670 neurons 0.988, 82670 neurons 0.988, 315542 neurons 0.897[0m
[92maveraged Neuron Coverage 0.928[0m

Iteration 82
[92minput already causes different outputs: [0.2395118], [-0.01020366], [-0.01143418][0m
[92mSNAC percentage 82670 neurons 0.028, 82670 neurons 0.016, 315542 neurons 0.023[0m
[92maveraged SNAC 0.023[0m
[92mNeuron Coverage percentage 82670 neurons 0.988, 82670 neurons 0.988, 315542 neurons 0.897[0m
[92maveraged Neuron Coverage 0.928[0m

Iteration 83
Found new output which causes difference in models' predictions.
[92mSNAC percentage 82670 neurons 0.028, 82670 neurons 0.016, 315542 neurons 0.023[0m
[92maveraged SNAC 0.023[0m
[92mNeuron Coverage percentage 82670 neurons 0.988, 82670 neurons 0.988, 315542 neurons 0.897[0m
[92maveraged Neuron Coverage 0.928[0m

Iteration 84
[92minput already causes different outputs: [0.21926494], [-0.01020366], [0.35751694][0m
[92mSNAC percentage 82670 neurons 0.028, 82670 neurons 0.016, 315542 neurons 0.023[0m
[92maveraged SNAC 0.023[0m
[92mNeuron Coverage percentage 82670 neurons 0.988, 82670 neurons 0.988, 315542 neurons 0.897[0m
[92maveraged Neuron Coverage 0.929[0m

Iteration 85
Found new output which causes difference in models' predictions.
[92mSNAC percentage 82670 neurons 0.028, 82670 neurons 0.016, 315542 neurons 0.023[0m
[92maveraged SNAC 0.023[0m
[92mNeuron Coverage percentage 82670 neurons 0.989, 82670 neurons 0.988, 315542 neurons 0.898[0m
[92maveraged Neuron Coverage 0.929[0m

Iteration 86
Found new output which causes difference in models' predictions.
[92mSNAC percentage 82670 neurons 0.029, 82670 neurons 0.017, 315542 neurons 0.024[0m
[92maveraged SNAC 0.024[0m
[92mNeuron Coverage percentage 82670 neurons 0.989, 82670 neurons 0.988, 315542 neurons 0.898[0m
[92maveraged Neuron Coverage 0.929[0m

Iteration 87
Found new output which causes difference in models' predictions.
[92mSNAC percentage 82670 neurons 0.030, 82670 neurons 0.017, 315542 neurons 0.025[0m
[92maveraged SNAC 0.024[0m
[92mNeuron Coverage percentage 82670 neurons 0.989, 82670 neurons 0.988, 315542 neurons 0.898[0m
[92maveraged Neuron Coverage 0.929[0m

Iteration 88
[92minput already causes different outputs: [0.5063296], [-0.01020366], [0.25571084][0m
[92mSNAC percentage 82670 neurons 0.030, 82670 neurons 0.017, 315542 neurons 0.025[0m
[92maveraged SNAC 0.024[0m
[92mNeuron Coverage percentage 82670 neurons 0.989, 82670 neurons 0.989, 315542 neurons 0.898[0m
[92maveraged Neuron Coverage 0.930[0m

Iteration 89
Found new output which causes difference in models' predictions.
[92mSNAC percentage 82670 neurons 0.030, 82670 neurons 0.017, 315542 neurons 0.025[0m
[92maveraged SNAC 0.024[0m
[92mNeuron Coverage percentage 82670 neurons 0.989, 82670 neurons 0.989, 315542 neurons 0.899[0m
[92maveraged Neuron Coverage 0.930[0m

Iteration 90
Found new output which causes difference in models' predictions.
[92mSNAC percentage 82670 neurons 0.030, 82670 neurons 0.018, 315542 neurons 0.025[0m
[92maveraged SNAC 0.025[0m
[92mNeuron Coverage percentage 82670 neurons 0.990, 82670 neurons 0.989, 315542 neurons 0.899[0m
[92maveraged Neuron Coverage 0.930[0m

Iteration 91
Found new output which causes difference in models' predictions.
[92mSNAC percentage 82670 neurons 0.030, 82670 neurons 0.018, 315542 neurons 0.025[0m
[92maveraged SNAC 0.025[0m
[92mNeuron Coverage percentage 82670 neurons 0.990, 82670 neurons 0.989, 315542 neurons 0.899[0m
[92maveraged Neuron Coverage 0.930[0m

Iteration 92
Found new output which causes difference in models' predictions.
[92mSNAC percentage 82670 neurons 0.030, 82670 neurons 0.018, 315542 neurons 0.025[0m
[92maveraged SNAC 0.025[0m
[92mNeuron Coverage percentage 82670 neurons 0.990, 82670 neurons 0.989, 315542 neurons 0.899[0m
[92maveraged Neuron Coverage 0.930[0m

Iteration 93
Found new output which causes difference in models' predictions.
[92mSNAC percentage 82670 neurons 0.030, 82670 neurons 0.018, 315542 neurons 0.025[0m
[92maveraged SNAC 0.025[0m
[92mNeuron Coverage percentage 82670 neurons 0.990, 82670 neurons 0.989, 315542 neurons 0.900[0m
[92maveraged Neuron Coverage 0.931[0m

Iteration 94
Found new output which causes difference in models' predictions.
[92mSNAC percentage 82670 neurons 0.030, 82670 neurons 0.018, 315542 neurons 0.026[0m
[92maveraged SNAC 0.025[0m
[92mNeuron Coverage percentage 82670 neurons 0.990, 82670 neurons 0.989, 315542 neurons 0.900[0m
[92maveraged Neuron Coverage 0.931[0m

Iteration 95
Found new output which causes difference in models' predictions.
[92mSNAC percentage 82670 neurons 0.031, 82670 neurons 0.018, 315542 neurons 0.026[0m
[92maveraged SNAC 0.025[0m
[92mNeuron Coverage percentage 82670 neurons 0.990, 82670 neurons 0.989, 315542 neurons 0.900[0m
[92maveraged Neuron Coverage 0.931[0m

Iteration 96
Found new output which causes difference in models' predictions.
[92mSNAC percentage 82670 neurons 0.032, 82670 neurons 0.019, 315542 neurons 0.026[0m
[92maveraged SNAC 0.026[0m
[92mNeuron Coverage percentage 82670 neurons 0.991, 82670 neurons 0.989, 315542 neurons 0.900[0m
[92maveraged Neuron Coverage 0.931[0m

Iteration 97
[92minput already causes differe